C:\msys64\usr\bin\make.exe all -f C:\Users\joaqu\OneDrive - Universidad Adolfo Ibanez\3er Año\Estructura de datos y algoritmos\Tarea_1\makefile --print-data-base --no-builtin-variables --no-builtin-rules --question
make: "C:\Users\joaqu\OneDrive - Universidad Adolfo Ibanez\3er Año\Estructura de datos y algoritmos\Tarea_1\makefile": No such file or directory

# GNU Make 4.3
# Built for x86_64-pc-msys
# Copyright (C) 1988-2020 Free Software Foundation, Inc.
# License GPLv3+: GNU GPL version 3 or later <http://gnu.org/licenses/gpl.html>
# This is free software: you are free to change and redistribute it.
# There is NO WARRANTY, to the extent permitted by law.
 
make: *** No rule to make target '"C:\Users\joaqu\OneDrive - Universidad Adolfo Ibanez\3er Año\Estructura de datos y algoritmos\Tarea_1\makefile"'.  Stop.


# Make data base, printed on Wed Apr 27 00:16:12 2022

# Variables

 
# environment
FPS_BROWSER_APP_PROFILE_STRING = Internet Explorer
# environment
SYSTEMDRIVE = C:
# environment
LC_ALL = C
# environment
USERPROFILE = C:\Users\joaqu
# environment
VBOX_MSI_INSTALL_PATH = C:\Program Files\Oracle\VirtualBox\
# environment
LOCALAPPDATA = C:\Users\joaqu\AppData\Local
# environment
VSCODE_IPC_HOOK_EXTHOST = \\.\pipe\vscode-ipc-daa6865b-7797-4886-b7ce-a4821dd7e405-sock
# environment
VSCODE_CWD = C:\Users\joaqu\AppData\Local\Programs\Microsoft VS Code
# environment
SYSTEMROOT = C:\WINDOWS
# environment
PROCESSOR_LEVEL = 23
# environment
PSMODULEPATH = C:\Program Files\WindowsPowerShell\Modules;C:\WINDOWS\system32\WindowsPowerShell\v1.0\Modules
# default
MAKE_COMMAND := /usr/bin/make
# automatic
@D = $(patsubst %/,%,$(dir $@))
# environment
CHROME_CRASHPAD_PIPE_NAME = \\.\pipe\crashpad_49768_CCTMJTSAMOLZZDFN
# environment
ONEDRIVECOMMERCIAL = C:\Users\joaqu\OneDrive - Universidad Adolfo Ibanez
# environment
FPS_BROWSER_USER_PROFILE_STRING = Default
# environment
VSCODE_HANDLES_UNCAUGHT_ERRORS = true
# default
.VARIABLES := 
# automatic
%D = $(patsubst %/,%,$(dir $%))
# automatic
^D = $(patsubst %/,%,$(dir $^))
# environment
VSCODE_LOG_STACK = false
# automatic
%F = $(notdir $%)
# environment
VSCODE_CODE_CACHE_PATH = C:\Users\joaqu\AppData\Roaming\Code\CachedData\dfd34e8260c270da74b5c2d86d61aee4b6d56977
# environment
LANG = C
# default
.LOADED := 
# environment
TMP = /c/Users/joaqu/AppData/Local/Temp
# default
.INCLUDE_DIRS = /usr/include /usr/include
# makefile
MAKEFLAGS = prR
# environment
LG_WEBOS_TV_SDK_HOME = C:\Users\joaqu\Desktop\webOS_SDK_TV_Installer_win64_min\Nueva carpeta\webOS_TV_SDK
# environment
ONEDRIVE = C:\Users\joaqu\OneDrive - Universidad Adolfo Ibanez
# makefile
CURDIR := /c/Users/joaqu/OneDrive - Universidad Adolfo Ibanez/3er Año/Lenguaje_Y_Paradigmas
# environment
VSCODE_PIPE_LOGGING = true
# environment
APPLICATION_INSIGHTS_NO_DIAGNOSTIC_CHANNEL = 1
# automatic
*D = $(patsubst %/,%,$(dir $*))
# environment
PROGRAMFILES = C:\Program Files
# environment
MFLAGS = -prR
# default
.SHELLFLAGS := -c
# environment
!C: = c:\Users\joaqu\OneDrive - Universidad Adolfo Ibanez\3er Año\Lenguaje_Y_Paradigmas
# environment
COMMONPROGRAMW6432 = C:\Program Files\Common Files
# automatic
+D = $(patsubst %/,%,$(dir $+))
# makefile
MAKEFILE_LIST := 
# automatic
@F = $(notdir $@)
# environment
VSCODE_VERBOSE_LOGGING = true
# environment
VSCODE_PID = 49768
# automatic
?D = $(patsubst %/,%,$(dir $?))
# automatic
*F = $(notdir $*)
# automatic
<D = $(patsubst %/,%,$(dir $<))
# environment
VSCODE_NLS_CONFIG = {"locale":"es","availableLanguages":{},"_languagePackSupport":true}
# default
MAKE_HOST := x86_64-pc-msys
# environment
PROGRAMDATA = C:\ProgramData
# default
SHELL := /bin/sh
# environment
HOMEPATH = \Users\joaqu
# default
MAKECMDGOALS := all
# environment
DRIVERDATA = C:\Windows\System32\Drivers\DriverData
# environment
COMSPEC = C:\WINDOWS\system32\cmd.exe
# environment
WINDIR = C:\WINDOWS
# environment
MAKELEVEL := 0
# default
MAKE = $(MAKE_COMMAND)
# environment
 
PATH = /c/Program Files/Common Files/Oracle/Java/javapath:/c/Program Files/AdoptOpenJDK/jdk-16.0.1.9-hotspot/bin:/c/Program Files (x86)/Common Files/Oracle/Java/javapath:/c/Windows/system32:/c/Windows:/c/Windows/System32/Wbem:/c/Windows/System32/WindowsPowerShell/v1.0:/c/Windows/System32/OpenSSH:/c/Program Files/NVIDIA Corporation/NVIDIA NvDLISR:/c/WINDOWS/system32:/c/WINDOWS:/c/WINDOWS/System32/Wbem:/c/WINDOWS/System32/WindowsPowerShell/v1.0:/c/WINDOWS/System32/OpenSSH:/c/Program Files/Git/cmd:/c/Program Files (x86)/NVIDIA Corporation/PhysX/Common:/mingw64/bin:/c/Program Files (x86)/Microsoft SQL Server/150/DTS/Binn:/c/Program Files/Azure Data Studio/bin:/c/WINDOWS/system32:/c/WINDOWS:/c/WINDOWS/System32/Wbem:/c/WINDOWS/System32/WindowsPowerShell/v1.0:/c/WINDOWS/System32/OpenSSH:/c/Users/joaqu/AppData/Local/Programs/Python/Python38/Scripts:/c/Users/joaqu/AppData/Local/Programs/Python/Python38:/c/Users/joaqu/AppData/Local/Microsoft/WindowsApps:/c/Users/joaqu/AppData/Local/GitHubDesktop/bin:/c/Users/joaqu/AppData/Local/Programs/Microsoft VS Code/bin:/c/php:/c/Program Files/Azure Data Studio/bin
# environment
COMPUTERNAME = DESKTOP-P8PN9R7
# default
MAKEFILES := 
# automatic
^F = $(notdir $^)
# environment
PROMPT = $P$G
# environment
LOGONSERVER = \\DESKTOP-P8PN9R7
# environment
VSCODE_LOG_NATIVE = false
# environment
USERNAME = Joaquin Leal
# environment
COMMONPROGRAMFILES = C:\Program Files\Common Files
# automatic
?F = $(notdir $?)
# environment
PROGRAMW6432 = C:\Program Files
# environment
PATHEXT = .COM;.EXE;.BAT;.CMD;.VBS;.VBE;.JS;.JSE;.WSF;.WSH;.MSC
# automatic
+F = $(notdir $+)
# environment
ORIGINAL_XDG_CURRENT_DESKTOP = undefined
# environment
USERDOMAIN = DESKTOP-P8PN9R7
# 'override' directive
GNUMAKEFLAGS := 
# environment
OS = Windows_NT
# makefile
.DEFAULT_GOAL := 
# default
MAKE_VERSION := 4.3
# environment
PROGRAMFILES(X86) = C:\Program Files (x86)
# environment
USERDOMAIN_ROAMINGPROFILE = DESKTOP-P8PN9R7
# environment
NUMBER_OF_PROCESSORS = 12
# environment
PUBLIC = C:\Users\Public
# environment
APPDATA = C:\Users\joaqu\AppData\Roaming
# environment
WEBOS_CLI_TV = C:\Users\joaqu\Desktop\webOS_SDK_TV_Installer_win64_min\Nueva carpeta\webOS_TV_SDK\CLI\bin
# environment
HOMEDRIVE = C:
# environment
PROCESSOR_ARCHITECTURE = AMD64
# environment
RTOOLS40_HOME = C:\rtools40
# environment
VSCODE_AMD_ENTRYPOINT = vs/workbench/api/node/extensionHostProcess
# environment
HOME = /home/Joaquin Leal
# environment
COMMONPROGRAMFILES(X86) = C:\Program Files (x86)\Common Files
# environment
ELECTRON_RUN_AS_NODE = 1
# environment
TEMP = /c/Users/joaqu/AppData/Local/Temp
# environment
VSCODE_IPC_HOOK = \\.\pipe\3a4ff9dc0e928f090df8c11e132188cd-1.66.2-main-sock
# environment
TERM = xterm-256color
# default
.RECIPEPREFIX := 
# automatic
<F = $(notdir $<)
# default
SUFFIXES := 
# environment
ALLUSERSPROFILE = C:\ProgramData
# environment
SESSIONNAME = Console
# default
.FEATURES := target-specific order-only second-expansion else-if shortest-stem undefine oneshell nocomment grouped-target extra-prereqs archives jobserver output-sync check-symlink load
# environment
PROCESSOR_REVISION = 0802
# environment
PROCESSOR_IDENTIFIER = AMD64 Family 23 Model 8 Stepping 2, AuthenticAMD
# variable set hash-table stats:
# Load=101/1024=10%, Rehash=0, Collisions=11/122=9%

# Pattern-specific Variable Values

# No pattern-specific variable values.
 

# Directories


# No files, no impossibilities in 0 directories.

# Implicit Rules

# No implicit rules.

# Files

# Not a target:
.DEFAULT:
#  Implicit rule search has not been done.
#  Modification time never checked.
#  File has not been updated.

# Not a target:
all:
#  Command line target.
#  Implicit rule search has not been done.
#  Modification time never checked.
#  File has not been updated.

# Not a target:
"C:\Users\joaqu\OneDrive - Universidad Adolfo Ibanez\3er Año\Estructura de datos y algoritmos\Tarea_1\makefile":
#  Implicit rule search has been done.
#  File does not exist.
#  File has not been updated.

# files hash-table stats:
# Load=4/1024=0%, Rehash=0, Collisions=0/14=0%
# VPATH Search Paths

# No 'vpath' search paths.

# No general ('VPATH' variable) search path.

# strcache buffers: 1 (0) / strings = 5 / storage = 149 B / avg = 29 B
# current buf: size = 8162 B / used = 149 B / count = 5 / avg = 29 B

# strcache performance: lookups = 8 / hit rate = 37%
# hash-table stats:
# Load=5/8192=0%, Rehash=0, Collisions=0/8=0%
# Finished Make data base on Wed Apr 27 00:16:12 2022

 
